<?xml version="1.0" encoding="UTF-8"?>
<testsuite name="Regression Test"
           tests="3"
           failures="0"
           errors="0"
           skipped="0"
           time="3.045">
  <properties />
  
  
            <testcase name="verifyThePasswordErrorMessage" time="0.901" classname="com.herokuapp.testsuite.LoginPageTest" />
                <testcase name="UserShouldLoginSuccessfullyWithValidCredentials" time="1.103" classname="com.herokuapp.testsuite.LoginPageTest" />
                <testcase name="verifyTheUsernameErrorMessage" time="1.041" classname="com.herokuapp.testsuite.LoginPageTest" />
      
</testsuite>
